Using pre-set license
Built from '2020.3/staging' branch; Version is '2020.3.8f1 (507919d4fff5) revision 5273881'; Using compiler version '192528614'; Build Type 'Release'
OS: 'Windows 10 Home Single Language; OS build 19043.1348; Version 2009; 64bit' Language: 'tr' Physical Memory: 32600 MB
BatchMode: 1, IsHumanControllingUs: 0, StartBugReporterOnCrash: 0, Is64bit: 1, IsPro: 0

 COMMAND LINE ARGUMENTS:
C:\Program Files\Unity\2020.3.8f1\Editor\Unity.exe
-adb2
-batchMode
-noUpm
-name
AssetImportWorker0
-projectPath
D:/Setting_Manager
-logFile
Logs/AssetImportWorker0.log
-srvPort
64000
Successfully changed project path to: D:/Setting_Manager
D:/Setting_Manager
Using Asset Import Pipeline V2.
Refreshing native plugins compatible for Editor in 22.72 ms, found 0 plugins.
Preloading 0 native plugins for Editor in 0.00 ms.
Initialize engine version: 2020.3.8f1 (507919d4fff5)
[Subsystems] Discovering subsystems at path C:/Program Files/Unity/2020.3.8f1/Editor/Data/Resources/UnitySubsystems
[Subsystems] Discovering subsystems at path D:/Setting_Manager/Assets
GfxDevice: creating device client; threaded=0
Direct3D:
    Version:  Direct3D 11.0 [level 11.1]
    Renderer: NVIDIA GeForce RTX 2080 Super with Max-Q Design (ID=0x1e93)
    Vendor:   
    VRAM:     8010 MB
    Driver:   27.21.14.6242
Initialize mono
Mono path[0] = 'C:/Program Files/Unity/2020.3.8f1/Editor/Data/Managed'
Mono path[1] = 'C:/Program Files/Unity/2020.3.8f1/Editor/Data/MonoBleedingEdge/lib/mono/unityjit'
Mono config path = 'C:/Program Files/Unity/2020.3.8f1/Editor/Data/MonoBleedingEdge/etc'
Using monoOptions --debugger-agent=transport=dt_socket,embedding=1,server=y,suspend=n,address=127.0.0.1:56516
Begin MonoManager ReloadAssembly
Registering precompiled unity dll's ...
Register platform support module: C:/Program Files/Unity/2020.3.8f1/Editor/Data/PlaybackEngines/WindowsStandaloneSupport/UnityEditor.WindowsStandalone.Extensions.dll
Registered in 0.001548 seconds.
Native extension for WindowsStandalone target not found
Refreshing native plugins compatible for Editor in 20.55 ms, found 0 plugins.
Preloading 0 native plugins for Editor in 0.00 ms.
Mono: successfully reloaded assembly
- Completed reload, in  1.450 seconds
Platform modules already initialized, skipping
Registering precompiled user dll's ...
Registered in 0.000443 seconds.
Begin MonoManager ReloadAssembly
Native extension for WindowsStandalone target not found
Refreshing native plugins compatible for Editor in 0.32 ms, found 0 plugins.
Preloading 0 native plugins for Editor in 0.00 ms.
Mono: successfully reloaded assembly
- Completed reload, in  0.706 seconds
Platform modules already initialized, skipping
========================================================================
Worker process is ready to serve import requests
Launched and connected shader compiler UnityShaderCompiler.exe after 0.03 seconds
Refreshing native plugins compatible for Editor in 0.21 ms, found 0 plugins.
Preloading 0 native plugins for Editor in 0.00 ms.
Unloading 1115 Unused Serialized files (Serialized files now loaded: 0)
System memory in use before: 57.1 MB.
System memory in use after: 57.1 MB.

Unloading 10 unused Assets to reduce memory usage. Loaded Objects now: 1557.
Total: 1.517900 ms (FindLiveObjects: 0.122400 ms CreateObjectMapping: 0.032400 ms MarkObjects: 1.305000 ms  DeleteObjects: 0.057200 ms)

========================================================================
Received Import Request.
  path: Assets
  artifactKey: Guid(00000000000000001000000000000000) Importer(815301076,1909f56bfc062723c751e8b465ee728b)
Start importing Assets using Guid(00000000000000001000000000000000) Importer(815301076,1909f56bfc062723c751e8b465ee728b)  -> (artifact id: '42d402b061de3733987d63b9cc3b64de') in 0.003451 seconds
  Import took 0.005046 seconds .

========================================================================
Received Import Request.
  Time since last request: 5.106928 seconds.
  path: Assets/Script
  artifactKey: Guid(00348915dcb625d4f9707985c51b7af2) Importer(815301076,1909f56bfc062723c751e8b465ee728b)
Start importing Assets/Script using Guid(00348915dcb625d4f9707985c51b7af2) Importer(815301076,1909f56bfc062723c751e8b465ee728b)  -> (artifact id: '93ed76f60137512e5d8dbc9f458bfc71') in 0.005567 seconds
  Import took 0.007365 seconds .

========================================================================
Received Import Request.
  Time since last request: 638.696841 seconds.
  path: Assets/Script/Audio_Manager.cs
  artifactKey: Guid(2525e3743bb1d8a4eac16eca3bc0b146) Importer(815301076,1909f56bfc062723c751e8b465ee728b)
Start importing Assets/Script/Audio_Manager.cs using Guid(2525e3743bb1d8a4eac16eca3bc0b146) Importer(815301076,1909f56bfc062723c751e8b465ee728b)  -> (artifact id: '1980a54605edc3d33f94f14665ee7353') in 0.014454 seconds
  Import took 0.017195 seconds .

========================================================================
Received Prepare
Registering precompiled user dll's ...
Registered in 0.000835 seconds.
Begin MonoManager ReloadAssembly
Native extension for WindowsStandalone target not found
Refreshing native plugins compatible for Editor in 0.28 ms, found 0 plugins.
Preloading 0 native plugins for Editor in 0.00 ms.
Mono: successfully reloaded assembly
- Completed reload, in  1.268 seconds
Platform modules already initialized, skipping
Refreshing native plugins compatible for Editor in 0.28 ms, found 0 plugins.
Preloading 0 native plugins for Editor in 0.00 ms.
Unloading 1124 Unused Serialized files (Serialized files now loaded: 0)
System memory in use before: 59.0 MB.
System memory in use after: 58.4 MB.

Unloading 18 unused Assets to reduce memory usage. Loaded Objects now: 1561.
Total: 2.667000 ms (FindLiveObjects: 0.178700 ms CreateObjectMapping: 0.055100 ms MarkObjects: 2.035100 ms  DeleteObjects: 0.395600 ms)

========================================================================
Received Prepare
Registering precompiled user dll's ...
Registered in 0.000440 seconds.
Begin MonoManager ReloadAssembly
Native extension for WindowsStandalone target not found
Refreshing native plugins compatible for Editor in 0.19 ms, found 0 plugins.
Preloading 0 native plugins for Editor in 0.00 ms.
Mono: successfully reloaded assembly
- Completed reload, in  0.750 seconds
Platform modules already initialized, skipping
Refreshing native plugins compatible for Editor in 0.22 ms, found 0 plugins.
Preloading 0 native plugins for Editor in 0.00 ms.
Unloading 1124 Unused Serialized files (Serialized files now loaded: 0)
System memory in use before: 59.1 MB.
System memory in use after: 58.5 MB.

Unloading 18 unused Assets to reduce memory usage. Loaded Objects now: 1564.
Total: 1.783500 ms (FindLiveObjects: 0.108200 ms CreateObjectMapping: 0.029000 ms MarkObjects: 1.332500 ms  DeleteObjects: 0.313200 ms)

========================================================================
Received Import Request.
  Time since last request: 140.704359 seconds.
  path: Assets/Script/Audio_Manager.cs
  artifactKey: Guid(2525e3743bb1d8a4eac16eca3bc0b146) Importer(815301076,1909f56bfc062723c751e8b465ee728b)
Start importing Assets/Script/Audio_Manager.cs using Guid(2525e3743bb1d8a4eac16eca3bc0b146) Importer(815301076,1909f56bfc062723c751e8b465ee728b)  -> (artifact id: 'c20a830ea1a8446e9d86ffe97c040d7c') in 0.003646 seconds
  Import took 0.005582 seconds .

========================================================================
Received Import Request.
  Time since last request: 12.074197 seconds.
  path: Assets/Mixer
  artifactKey: Guid(9f5c22dae07db1545b6b9a91597dd16b) Importer(815301076,1909f56bfc062723c751e8b465ee728b)
Start importing Assets/Mixer using Guid(9f5c22dae07db1545b6b9a91597dd16b) Importer(815301076,1909f56bfc062723c751e8b465ee728b)  -> (artifact id: '2f62c717efa94542535b4764acce9f1d') in 0.006820 seconds
  Import took 0.008785 seconds .

========================================================================
Received Import Request.
  Time since last request: 8.925779 seconds.
  path: Assets/Mixer/BackGround.mixer
  artifactKey: Guid(4a874b8c3a7b7e04da99253837a150ce) Importer(815301076,1909f56bfc062723c751e8b465ee728b)
Start importing Assets/Mixer/BackGround.mixer using Guid(4a874b8c3a7b7e04da99253837a150ce) Importer(815301076,1909f56bfc062723c751e8b465ee728b)  -> (artifact id: 'd506aae917fa89ab7d8c1272f952788d') in 0.017816 seconds
  Import took 0.020334 seconds .

========================================================================
Received Import Request.
  Time since last request: 30.583291 seconds.
  path: Assets/Mixer/Master.mixer
  artifactKey: Guid(4a874b8c3a7b7e04da99253837a150ce) Importer(815301076,1909f56bfc062723c751e8b465ee728b)
Start importing Assets/Mixer/Master.mixer using Guid(4a874b8c3a7b7e04da99253837a150ce) Importer(815301076,1909f56bfc062723c751e8b465ee728b)  -> (artifact id: 'a5522b92c4eb8ba10f4d9740d619bcc1') in 0.008163 seconds
  Import took 0.010179 seconds .

========================================================================
Received Import Request.
  Time since last request: 0.883486 seconds.
  path: Assets/Mixer/Master 1.mixer
  artifactKey: Guid(47a7c43c03a56bf43b2070d4f04fea94) Importer(815301076,1909f56bfc062723c751e8b465ee728b)
Start importing Assets/Mixer/Master 1.mixer using Guid(47a7c43c03a56bf43b2070d4f04fea94) Importer(815301076,1909f56bfc062723c751e8b465ee728b)  -> (artifact id: '3e203c3ed9d366a7112928778f1eadaf') in 0.006957 seconds
  Import took 0.008930 seconds .

========================================================================
Received Import Request.
  Time since last request: 3.327160 seconds.
  path: Assets/Mixer/BackGround.mixer
  artifactKey: Guid(47a7c43c03a56bf43b2070d4f04fea94) Importer(815301076,1909f56bfc062723c751e8b465ee728b)
Start importing Assets/Mixer/BackGround.mixer using Guid(47a7c43c03a56bf43b2070d4f04fea94) Importer(815301076,1909f56bfc062723c751e8b465ee728b)  -> (artifact id: 'f3ebd75a0611db79d240bc5933d3d0bc') in 0.003960 seconds
  Import took 0.007099 seconds .

========================================================================
Received Import Request.
  Time since last request: 0.001184 seconds.
  path: Assets/Mixer/BackGround.mixer
  artifactKey: Guid(47a7c43c03a56bf43b2070d4f04fea94) Importer(815301076,1909f56bfc062723c751e8b465ee728b)
Start importing Assets/Mixer/BackGround.mixer using Guid(47a7c43c03a56bf43b2070d4f04fea94) Importer(815301076,1909f56bfc062723c751e8b465ee728b)  -> (artifact id: 'f3ebd75a0611db79d240bc5933d3d0bc') in 0.005906 seconds
  Import took 0.010352 seconds .

========================================================================
Received Import Request.
  Time since last request: 84.888348 seconds.
  path: Assets/Mixer/AllMusic.mixer
  artifactKey: Guid(4a874b8c3a7b7e04da99253837a150ce) Importer(815301076,1909f56bfc062723c751e8b465ee728b)
Start importing Assets/Mixer/AllMusic.mixer using Guid(4a874b8c3a7b7e04da99253837a150ce) Importer(815301076,1909f56bfc062723c751e8b465ee728b)  -> (artifact id: 'badd7a5b9d4440f583fd2778fd8418c9') in 0.006974 seconds
  Import took 0.009114 seconds .

========================================================================
Received Import Request.
  Time since last request: 14.976595 seconds.
  path: Assets/Mixer/AllMusic.mixer
  artifactKey: Guid(4a874b8c3a7b7e04da99253837a150ce) Importer(815301076,1909f56bfc062723c751e8b465ee728b)
Start importing Assets/Mixer/AllMusic.mixer using Guid(4a874b8c3a7b7e04da99253837a150ce) Importer(815301076,1909f56bfc062723c751e8b465ee728b)  -> (artifact id: '0b292a6558e1d44a332de71ccc89cf97') in 0.002298 seconds
  Import took 0.004168 seconds .

========================================================================
Received Import Request.
  Time since last request: 8.889400 seconds.
  path: Assets/Mixer/AllMusic.mixer
  artifactKey: Guid(4a874b8c3a7b7e04da99253837a150ce) Importer(815301076,1909f56bfc062723c751e8b465ee728b)
Start importing Assets/Mixer/AllMusic.mixer using Guid(4a874b8c3a7b7e04da99253837a150ce) Importer(815301076,1909f56bfc062723c751e8b465ee728b)  -> (artifact id: 'a6595b7ebe447fd0ea30d2a00ecbb02d') in 0.001913 seconds
  Import took 0.003839 seconds .

========================================================================
Received Import Request.
  Time since last request: 0.012369 seconds.
  path: Assets/Mixer/AllMusic.mixer
  artifactKey: Guid(4a874b8c3a7b7e04da99253837a150ce) Importer(815301076,1909f56bfc062723c751e8b465ee728b)
Start importing Assets/Mixer/AllMusic.mixer using Guid(4a874b8c3a7b7e04da99253837a150ce) Importer(815301076,1909f56bfc062723c751e8b465ee728b)  -> (artifact id: 'a6595b7ebe447fd0ea30d2a00ecbb02d') in 0.002225 seconds
  Import took 0.004202 seconds .

========================================================================
Received Import Request.
  Time since last request: 130.745637 seconds.
  path: Assets/Mixer/AllMusic.mixer
  artifactKey: Guid(4a874b8c3a7b7e04da99253837a150ce) Importer(815301076,1909f56bfc062723c751e8b465ee728b)
Start importing Assets/Mixer/AllMusic.mixer using Guid(4a874b8c3a7b7e04da99253837a150ce) Importer(815301076,1909f56bfc062723c751e8b465ee728b)  -> (artifact id: 'c99dc72b2823101ecbf01ad726dcd71b') in 0.002569 seconds
  Import took 0.004533 seconds .

========================================================================
Received Import Request.
  Time since last request: 0.003496 seconds.
  path: Assets/Mixer/AllMusic.mixer
  artifactKey: Guid(4a874b8c3a7b7e04da99253837a150ce) Importer(815301076,1909f56bfc062723c751e8b465ee728b)
Start importing Assets/Mixer/AllMusic.mixer using Guid(4a874b8c3a7b7e04da99253837a150ce) Importer(815301076,1909f56bfc062723c751e8b465ee728b)  -> (artifact id: 'c99dc72b2823101ecbf01ad726dcd71b') in 0.002390 seconds
  Import took 0.004583 seconds .

========================================================================
Received Import Request.
  Time since last request: 18.798488 seconds.
  path: Assets/Mixer/AllMusic.mixer
  artifactKey: Guid(4a874b8c3a7b7e04da99253837a150ce) Importer(815301076,1909f56bfc062723c751e8b465ee728b)
Start importing Assets/Mixer/AllMusic.mixer using Guid(4a874b8c3a7b7e04da99253837a150ce) Importer(815301076,1909f56bfc062723c751e8b465ee728b)  -> (artifact id: '78c928078fbc240e09759948f6cdfb7c') in 0.002230 seconds
  Import took 0.004600 seconds .

========================================================================
Received Prepare
Registering precompiled user dll's ...
Registered in 0.000491 seconds.
Begin MonoManager ReloadAssembly
Native extension for WindowsStandalone target not found
Refreshing native plugins compatible for Editor in 0.21 ms, found 0 plugins.
Preloading 0 native plugins for Editor in 0.00 ms.
Mono: successfully reloaded assembly
- Completed reload, in  0.785 seconds
Platform modules already initialized, skipping
Refreshing native plugins compatible for Editor in 0.21 ms, found 0 plugins.
Preloading 0 native plugins for Editor in 0.00 ms.
Unloading 1124 Unused Serialized files (Serialized files now loaded: 0)
System memory in use before: 59.1 MB.
System memory in use after: 58.5 MB.

Unloading 18 unused Assets to reduce memory usage. Loaded Objects now: 1567.
Total: 1.646800 ms (FindLiveObjects: 0.119500 ms CreateObjectMapping: 0.034800 ms MarkObjects: 1.185600 ms  DeleteObjects: 0.306100 ms)

========================================================================
Received Prepare
Registering precompiled user dll's ...
Registered in 0.000615 seconds.
Begin MonoManager ReloadAssembly
Native extension for WindowsStandalone target not found
Refreshing native plugins compatible for Editor in 0.75 ms, found 0 plugins.
Preloading 0 native plugins for Editor in 0.00 ms.
Mono: successfully reloaded assembly
- Completed reload, in  0.904 seconds
Platform modules already initialized, skipping
Refreshing native plugins compatible for Editor in 0.24 ms, found 0 plugins.
Preloading 0 native plugins for Editor in 0.00 ms.
Unloading 1124 Unused Serialized files (Serialized files now loaded: 0)
System memory in use before: 59.1 MB.
System memory in use after: 58.5 MB.

Unloading 18 unused Assets to reduce memory usage. Loaded Objects now: 1570.
Total: 2.204600 ms (FindLiveObjects: 0.166600 ms CreateObjectMapping: 0.038700 ms MarkObjects: 1.673200 ms  DeleteObjects: 0.325200 ms)

========================================================================
Received Prepare
Registering precompiled user dll's ...
Registered in 0.000596 seconds.
Begin MonoManager ReloadAssembly
Native extension for WindowsStandalone target not found
Refreshing native plugins compatible for Editor in 0.20 ms, found 0 plugins.
Preloading 0 native plugins for Editor in 0.00 ms.
Mono: successfully reloaded assembly
- Completed reload, in  0.749 seconds
Platform modules already initialized, skipping
Refreshing native plugins compatible for Editor in 0.21 ms, found 0 plugins.
Preloading 0 native plugins for Editor in 0.00 ms.
Unloading 1124 Unused Serialized files (Serialized files now loaded: 0)
System memory in use before: 59.1 MB.
System memory in use after: 58.5 MB.

Unloading 18 unused Assets to reduce memory usage. Loaded Objects now: 1573.
Total: 2.013300 ms (FindLiveObjects: 0.160700 ms CreateObjectMapping: 0.066400 ms MarkObjects: 1.431100 ms  DeleteObjects: 0.354000 ms)

========================================================================
Received Prepare
Registering precompiled user dll's ...
Registered in 0.000692 seconds.
Begin MonoManager ReloadAssembly
Native extension for WindowsStandalone target not found
Refreshing native plugins compatible for Editor in 0.49 ms, found 0 plugins.
Preloading 0 native plugins for Editor in 0.00 ms.
Mono: successfully reloaded assembly
- Completed reload, in  0.886 seconds
Platform modules already initialized, skipping
Refreshing native plugins compatible for Editor in 0.29 ms, found 0 plugins.
Preloading 0 native plugins for Editor in 0.00 ms.
Unloading 1124 Unused Serialized files (Serialized files now loaded: 0)
System memory in use before: 59.1 MB.
System memory in use after: 58.5 MB.

Unloading 18 unused Assets to reduce memory usage. Loaded Objects now: 1576.
Total: 2.726500 ms (FindLiveObjects: 0.479200 ms CreateObjectMapping: 0.056900 ms MarkObjects: 1.755800 ms  DeleteObjects: 0.433500 ms)

========================================================================
Received Prepare
Registering precompiled user dll's ...
Registered in 0.000553 seconds.
Begin MonoManager ReloadAssembly
Native extension for WindowsStandalone target not found
Refreshing native plugins compatible for Editor in 0.20 ms, found 0 plugins.
Preloading 0 native plugins for Editor in 0.00 ms.
Mono: successfully reloaded assembly
- Completed reload, in  0.769 seconds
Platform modules already initialized, skipping
Refreshing native plugins compatible for Editor in 0.27 ms, found 0 plugins.
Preloading 0 native plugins for Editor in 0.00 ms.
Unloading 1124 Unused Serialized files (Serialized files now loaded: 0)
System memory in use before: 59.1 MB.
System memory in use after: 58.6 MB.

Unloading 18 unused Assets to reduce memory usage. Loaded Objects now: 1579.
Total: 2.043600 ms (FindLiveObjects: 0.125900 ms CreateObjectMapping: 0.034800 ms MarkObjects: 1.553000 ms  DeleteObjects: 0.328600 ms)

========================================================================
Received Prepare
Registering precompiled user dll's ...
Registered in 0.000643 seconds.
Begin MonoManager ReloadAssembly
Native extension for WindowsStandalone target not found
Refreshing native plugins compatible for Editor in 0.26 ms, found 0 plugins.
Preloading 0 native plugins for Editor in 0.00 ms.
Mono: successfully reloaded assembly
- Completed reload, in  0.912 seconds
Platform modules already initialized, skipping
Refreshing native plugins compatible for Editor in 0.35 ms, found 0 plugins.
Preloading 0 native plugins for Editor in 0.00 ms.
Unloading 1124 Unused Serialized files (Serialized files now loaded: 0)
System memory in use before: 59.1 MB.
System memory in use after: 58.6 MB.

Unloading 18 unused Assets to reduce memory usage. Loaded Objects now: 1582.
Total: 2.565100 ms (FindLiveObjects: 0.186200 ms CreateObjectMapping: 0.048100 ms MarkObjects: 1.824700 ms  DeleteObjects: 0.504800 ms)

========================================================================
Received Prepare
Registering precompiled user dll's ...
Registered in 0.000528 seconds.
Begin MonoManager ReloadAssembly
Native extension for WindowsStandalone target not found
Refreshing native plugins compatible for Editor in 0.23 ms, found 0 plugins.
Preloading 0 native plugins for Editor in 0.00 ms.
Mono: successfully reloaded assembly
- Completed reload, in  0.792 seconds
Platform modules already initialized, skipping
Refreshing native plugins compatible for Editor in 0.24 ms, found 0 plugins.
Preloading 0 native plugins for Editor in 0.00 ms.
Unloading 1124 Unused Serialized files (Serialized files now loaded: 0)
System memory in use before: 59.2 MB.
System memory in use after: 58.6 MB.

Unloading 18 unused Assets to reduce memory usage. Loaded Objects now: 1585.
Total: 1.887500 ms (FindLiveObjects: 0.140900 ms CreateObjectMapping: 0.034100 ms MarkObjects: 1.387200 ms  DeleteObjects: 0.324500 ms)

========================================================================
Received Prepare
Registering precompiled user dll's ...
Registered in 0.000544 seconds.
Begin MonoManager ReloadAssembly
Native extension for WindowsStandalone target not found
Refreshing native plugins compatible for Editor in 0.22 ms, found 0 plugins.
Preloading 0 native plugins for Editor in 0.00 ms.
Mono: successfully reloaded assembly
- Completed reload, in  0.738 seconds
Platform modules already initialized, skipping
Refreshing native plugins compatible for Editor in 0.23 ms, found 0 plugins.
Preloading 0 native plugins for Editor in 0.00 ms.
Unloading 1124 Unused Serialized files (Serialized files now loaded: 0)
System memory in use before: 59.2 MB.
System memory in use after: 58.6 MB.

Unloading 18 unused Assets to reduce memory usage. Loaded Objects now: 1588.
Total: 2.300100 ms (FindLiveObjects: 0.144700 ms CreateObjectMapping: 0.037200 ms MarkObjects: 1.754500 ms  DeleteObjects: 0.363000 ms)

========================================================================
Received Prepare
Registering precompiled user dll's ...
Registered in 0.000505 seconds.
Begin MonoManager ReloadAssembly
Native extension for WindowsStandalone target not found
Refreshing native plugins compatible for Editor in 0.19 ms, found 0 plugins.
Preloading 0 native plugins for Editor in 0.00 ms.
Mono: successfully reloaded assembly
- Completed reload, in  0.701 seconds
Platform modules already initialized, skipping
Refreshing native plugins compatible for Editor in 0.21 ms, found 0 plugins.
Preloading 0 native plugins for Editor in 0.00 ms.
Unloading 1124 Unused Serialized files (Serialized files now loaded: 0)
System memory in use before: 59.2 MB.
System memory in use after: 58.6 MB.

Unloading 18 unused Assets to reduce memory usage. Loaded Objects now: 1591.
Total: 2.040000 ms (FindLiveObjects: 0.138000 ms CreateObjectMapping: 0.035400 ms MarkObjects: 1.480000 ms  DeleteObjects: 0.385300 ms)

========================================================================
Received Prepare
Registering precompiled user dll's ...
Registered in 0.001120 seconds.
Begin MonoManager ReloadAssembly
Native extension for WindowsStandalone target not found
Refreshing native plugins compatible for Editor in 0.41 ms, found 0 plugins.
Preloading 0 native plugins for Editor in 0.00 ms.
Mono: successfully reloaded assembly
- Completed reload, in  0.891 seconds
Platform modules already initialized, skipping
Refreshing native plugins compatible for Editor in 0.25 ms, found 0 plugins.
Preloading 0 native plugins for Editor in 0.00 ms.
Unloading 1124 Unused Serialized files (Serialized files now loaded: 0)
System memory in use before: 59.2 MB.
System memory in use after: 58.6 MB.

Unloading 18 unused Assets to reduce memory usage. Loaded Objects now: 1594.
Total: 2.715100 ms (FindLiveObjects: 0.308000 ms CreateObjectMapping: 0.075600 ms MarkObjects: 1.788300 ms  DeleteObjects: 0.541200 ms)

========================================================================
Received Prepare
Registering precompiled user dll's ...
Registered in 0.000600 seconds.
Begin MonoManager ReloadAssembly
Native extension for WindowsStandalone target not found
Refreshing native plugins compatible for Editor in 0.20 ms, found 0 plugins.
Preloading 0 native plugins for Editor in 0.00 ms.
Mono: successfully reloaded assembly
- Completed reload, in  0.778 seconds
Platform modules already initialized, skipping
Refreshing native plugins compatible for Editor in 0.22 ms, found 0 plugins.
Preloading 0 native plugins for Editor in 0.00 ms.
Unloading 1124 Unused Serialized files (Serialized files now loaded: 0)
System memory in use before: 59.2 MB.
System memory in use after: 58.6 MB.

Unloading 18 unused Assets to reduce memory usage. Loaded Objects now: 1597.
Total: 2.424400 ms (FindLiveObjects: 0.306100 ms CreateObjectMapping: 0.072600 ms MarkObjects: 1.654800 ms  DeleteObjects: 0.389700 ms)

========================================================================
Received Prepare
Registering precompiled user dll's ...
Registered in 0.000758 seconds.
Begin MonoManager ReloadAssembly
Native extension for WindowsStandalone target not found
Refreshing native plugins compatible for Editor in 0.22 ms, found 0 plugins.
Preloading 0 native plugins for Editor in 0.00 ms.
Mono: successfully reloaded assembly
- Completed reload, in  0.756 seconds
Platform modules already initialized, skipping
Refreshing native plugins compatible for Editor in 0.20 ms, found 0 plugins.
Preloading 0 native plugins for Editor in 0.00 ms.
Unloading 1124 Unused Serialized files (Serialized files now loaded: 0)
System memory in use before: 59.2 MB.
System memory in use after: 58.6 MB.

Unloading 18 unused Assets to reduce memory usage. Loaded Objects now: 1600.
Total: 1.960300 ms (FindLiveObjects: 0.118700 ms CreateObjectMapping: 0.031100 ms MarkObjects: 1.463400 ms  DeleteObjects: 0.346200 ms)

========================================================================
Received Prepare
Registering precompiled user dll's ...
Registered in 0.000869 seconds.
Begin MonoManager ReloadAssembly
Native extension for WindowsStandalone target not found
Refreshing native plugins compatible for Editor in 0.22 ms, found 0 plugins.
Preloading 0 native plugins for Editor in 0.00 ms.
Mono: successfully reloaded assembly
- Completed reload, in  0.748 seconds
Platform modules already initialized, skipping
Refreshing native plugins compatible for Editor in 0.24 ms, found 0 plugins.
Preloading 0 native plugins for Editor in 0.00 ms.
Unloading 1124 Unused Serialized files (Serialized files now loaded: 0)
System memory in use before: 59.2 MB.
System memory in use after: 58.6 MB.

Unloading 18 unused Assets to reduce memory usage. Loaded Objects now: 1603.
Total: 2.069500 ms (FindLiveObjects: 0.140300 ms CreateObjectMapping: 0.027700 ms MarkObjects: 1.545000 ms  DeleteObjects: 0.355900 ms)

========================================================================
Received Prepare
Registering precompiled user dll's ...
Registered in 0.000612 seconds.
Begin MonoManager ReloadAssembly
Native extension for WindowsStandalone target not found
Refreshing native plugins compatible for Editor in 0.23 ms, found 0 plugins.
Preloading 0 native plugins for Editor in 0.00 ms.
Mono: successfully reloaded assembly
- Completed reload, in  0.766 seconds
Platform modules already initialized, skipping
Refreshing native plugins compatible for Editor in 0.19 ms, found 0 plugins.
Preloading 0 native plugins for Editor in 0.00 ms.
Unloading 1124 Unused Serialized files (Serialized files now loaded: 0)
System memory in use before: 59.2 MB.
System memory in use after: 58.6 MB.

Unloading 18 unused Assets to reduce memory usage. Loaded Objects now: 1606.
Total: 1.984400 ms (FindLiveObjects: 0.129800 ms CreateObjectMapping: 0.029200 ms MarkObjects: 1.460600 ms  DeleteObjects: 0.364100 ms)

========================================================================
Received Prepare
Registering precompiled user dll's ...
Registered in 0.000630 seconds.
Begin MonoManager ReloadAssembly
Native extension for WindowsStandalone target not found
Refreshing native plugins compatible for Editor in 0.23 ms, found 0 plugins.
Preloading 0 native plugins for Editor in 0.00 ms.
Mono: successfully reloaded assembly
- Completed reload, in  0.787 seconds
Platform modules already initialized, skipping
Refreshing native plugins compatible for Editor in 0.26 ms, found 0 plugins.
Preloading 0 native plugins for Editor in 0.00 ms.
Unloading 1124 Unused Serialized files (Serialized files now loaded: 0)
System memory in use before: 59.2 MB.
System memory in use after: 58.6 MB.

Unloading 18 unused Assets to reduce memory usage. Loaded Objects now: 1609.
Total: 1.894600 ms (FindLiveObjects: 0.135100 ms CreateObjectMapping: 0.033600 ms MarkObjects: 1.420200 ms  DeleteObjects: 0.304900 ms)

========================================================================
Received Prepare
Registering precompiled user dll's ...
Registered in 0.001347 seconds.
Begin MonoManager ReloadAssembly
Native extension for WindowsStandalone target not found
Refreshing native plugins compatible for Editor in 0.81 ms, found 0 plugins.
Preloading 0 native plugins for Editor in 0.00 ms.
Mono: successfully reloaded assembly
- Completed reload, in  0.831 seconds
Platform modules already initialized, skipping
Refreshing native plugins compatible for Editor in 0.23 ms, found 0 plugins.
Preloading 0 native plugins for Editor in 0.00 ms.
Unloading 1124 Unused Serialized files (Serialized files now loaded: 0)
System memory in use before: 59.2 MB.
System memory in use after: 58.6 MB.

Unloading 18 unused Assets to reduce memory usage. Loaded Objects now: 1612.
Total: 2.168100 ms (FindLiveObjects: 0.140800 ms CreateObjectMapping: 0.034500 ms MarkObjects: 1.585100 ms  DeleteObjects: 0.406800 ms)

========================================================================
Received Prepare
Registering precompiled user dll's ...
Registered in 0.000606 seconds.
Begin MonoManager ReloadAssembly
Native extension for WindowsStandalone target not found
Refreshing native plugins compatible for Editor in 0.20 ms, found 0 plugins.
Preloading 0 native plugins for Editor in 0.00 ms.
Mono: successfully reloaded assembly
- Completed reload, in  0.701 seconds
Platform modules already initialized, skipping
Refreshing native plugins compatible for Editor in 0.23 ms, found 0 plugins.
Preloading 0 native plugins for Editor in 0.00 ms.
Unloading 1124 Unused Serialized files (Serialized files now loaded: 0)
System memory in use before: 59.2 MB.
System memory in use after: 58.6 MB.

Unloading 18 unused Assets to reduce memory usage. Loaded Objects now: 1615.
Total: 1.970700 ms (FindLiveObjects: 0.134000 ms CreateObjectMapping: 0.040100 ms MarkObjects: 1.460900 ms  DeleteObjects: 0.334800 ms)

========================================================================
Received Prepare
Registering precompiled user dll's ...
Registered in 0.000374 seconds.
Begin MonoManager ReloadAssembly
Native extension for WindowsStandalone target not found
Refreshing native plugins compatible for Editor in 0.24 ms, found 0 plugins.
Preloading 0 native plugins for Editor in 0.00 ms.
Mono: successfully reloaded assembly
- Completed reload, in  0.857 seconds
Platform modules already initialized, skipping
Refreshing native plugins compatible for Editor in 0.26 ms, found 0 plugins.
Preloading 0 native plugins for Editor in 0.00 ms.
Unloading 1124 Unused Serialized files (Serialized files now loaded: 0)
System memory in use before: 59.2 MB.
System memory in use after: 58.6 MB.

Unloading 18 unused Assets to reduce memory usage. Loaded Objects now: 1618.
Total: 1.930500 ms (FindLiveObjects: 0.140100 ms CreateObjectMapping: 0.036700 ms MarkObjects: 1.386600 ms  DeleteObjects: 0.366200 ms)

========================================================================
Received Prepare
Registering precompiled user dll's ...
Registered in 0.000603 seconds.
Begin MonoManager ReloadAssembly
Native extension for WindowsStandalone target not found
Refreshing native plugins compatible for Editor in 0.28 ms, found 0 plugins.
Preloading 0 native plugins for Editor in 0.00 ms.
Mono: successfully reloaded assembly
- Completed reload, in  0.804 seconds
Platform modules already initialized, skipping
Refreshing native plugins compatible for Editor in 0.25 ms, found 0 plugins.
Preloading 0 native plugins for Editor in 0.00 ms.
Unloading 1124 Unused Serialized files (Serialized files now loaded: 0)
System memory in use before: 59.2 MB.
System memory in use after: 58.6 MB.

Unloading 18 unused Assets to reduce memory usage. Loaded Objects now: 1621.
Total: 1.971800 ms (FindLiveObjects: 0.149000 ms CreateObjectMapping: 0.042700 ms MarkObjects: 1.439600 ms  DeleteObjects: 0.339500 ms)

========================================================================
Received Import Request.
  Time since last request: 11696.435573 seconds.
  path: Assets/Mixer/AllMusic.mixer
  artifactKey: Guid(4a874b8c3a7b7e04da99253837a150ce) Importer(815301076,1909f56bfc062723c751e8b465ee728b)
Start importing Assets/Mixer/AllMusic.mixer using Guid(4a874b8c3a7b7e04da99253837a150ce) Importer(815301076,1909f56bfc062723c751e8b465ee728b)  -> (artifact id: '10f52204e305309b97bdb5b3ce1ee894') in 0.025837 seconds
  Import took 0.027894 seconds .

========================================================================
Received Import Request.
  Time since last request: 13.903954 seconds.
  path: Assets/Script/UIMover.cs
  artifactKey: Guid(24f596360e3d1a0428fe4e95cbdd22fc) Importer(815301076,1909f56bfc062723c751e8b465ee728b)
Start importing Assets/Script/UIMover.cs using Guid(24f596360e3d1a0428fe4e95cbdd22fc) Importer(815301076,1909f56bfc062723c751e8b465ee728b)  -> (artifact id: '2dda0187ec4dbf057678a16c845ada1b') in 0.007083 seconds
  Import took 0.009652 seconds .

========================================================================
Received Prepare
Registering precompiled user dll's ...
Registered in 0.000566 seconds.
Begin MonoManager ReloadAssembly
Native extension for WindowsStandalone target not found
Refreshing native plugins compatible for Editor in 0.30 ms, found 0 plugins.
Preloading 0 native plugins for Editor in 0.00 ms.
Mono: successfully reloaded assembly
- Completed reload, in  0.847 seconds
Platform modules already initialized, skipping
Refreshing native plugins compatible for Editor in 0.26 ms, found 0 plugins.
Preloading 0 native plugins for Editor in 0.00 ms.
Unloading 1125 Unused Serialized files (Serialized files now loaded: 0)
System memory in use before: 59.2 MB.
System memory in use after: 58.7 MB.

Unloading 18 unused Assets to reduce memory usage. Loaded Objects now: 1625.
Total: 1.864900 ms (FindLiveObjects: 0.122900 ms CreateObjectMapping: 0.033200 ms MarkObjects: 1.267100 ms  DeleteObjects: 0.441000 ms)

========================================================================
Received Import Request.
  Time since last request: 15.504501 seconds.
  path: Assets/Script/BackGroundMusicChanger.cs
  artifactKey: Guid(d6571e78e79a41c43a731a0ff97fe88a) Importer(815301076,1909f56bfc062723c751e8b465ee728b)
Start importing Assets/Script/BackGroundMusicChanger.cs using Guid(d6571e78e79a41c43a731a0ff97fe88a) Importer(815301076,1909f56bfc062723c751e8b465ee728b)  -> (artifact id: 'ebe844da183010fa083b6e70e22852d2') in 0.018369 seconds
  Import took 0.020939 seconds .

========================================================================
Received Prepare
Registering precompiled user dll's ...
Registered in 0.000445 seconds.
Begin MonoManager ReloadAssembly
Native extension for WindowsStandalone target not found
Refreshing native plugins compatible for Editor in 0.23 ms, found 0 plugins.
Preloading 0 native plugins for Editor in 0.00 ms.
Mono: successfully reloaded assembly
- Completed reload, in  0.898 seconds
Platform modules already initialized, skipping
Refreshing native plugins compatible for Editor in 0.21 ms, found 0 plugins.
Preloading 0 native plugins for Editor in 0.00 ms.
Unloading 1126 Unused Serialized files (Serialized files now loaded: 0)
System memory in use before: 59.3 MB.
System memory in use after: 58.7 MB.

Unloading 18 unused Assets to reduce memory usage. Loaded Objects now: 1629.
Total: 2.108700 ms (FindLiveObjects: 0.161300 ms CreateObjectMapping: 0.043200 ms MarkObjects: 1.510200 ms  DeleteObjects: 0.392900 ms)

========================================================================
Received Prepare
Registering precompiled user dll's ...
Registered in 0.000452 seconds.
Begin MonoManager ReloadAssembly
Native extension for WindowsStandalone target not found
Refreshing native plugins compatible for Editor in 0.24 ms, found 0 plugins.
Preloading 0 native plugins for Editor in 0.00 ms.
Mono: successfully reloaded assembly
- Completed reload, in  0.808 seconds
Platform modules already initialized, skipping
Refreshing native plugins compatible for Editor in 0.27 ms, found 0 plugins.
Preloading 0 native plugins for Editor in 0.00 ms.
Unloading 1126 Unused Serialized files (Serialized files now loaded: 0)
System memory in use before: 59.3 MB.
System memory in use after: 58.7 MB.

Unloading 18 unused Assets to reduce memory usage. Loaded Objects now: 1632.
Total: 2.121800 ms (FindLiveObjects: 0.153500 ms CreateObjectMapping: 0.040300 ms MarkObjects: 1.574700 ms  DeleteObjects: 0.352400 ms)

========================================================================
Received Import Request.
  Time since last request: 86.367579 seconds.
  path: Assets/Script/BackGroundMusicChanger.cs
  artifactKey: Guid(d6571e78e79a41c43a731a0ff97fe88a) Importer(815301076,1909f56bfc062723c751e8b465ee728b)
Start importing Assets/Script/BackGroundMusicChanger.cs using Guid(d6571e78e79a41c43a731a0ff97fe88a) Importer(815301076,1909f56bfc062723c751e8b465ee728b)  -> (artifact id: '87d1a2ba4e326b1b9f1c58efd77a781e') in 0.003436 seconds
  Import took 0.005204 seconds .

========================================================================
Received Prepare
Registering precompiled user dll's ...
Registered in 0.000475 seconds.
Begin MonoManager ReloadAssembly
Native extension for WindowsStandalone target not found
Refreshing native plugins compatible for Editor in 0.20 ms, found 0 plugins.
Preloading 0 native plugins for Editor in 0.00 ms.
Mono: successfully reloaded assembly
- Completed reload, in  0.840 seconds
Platform modules already initialized, skipping
Refreshing native plugins compatible for Editor in 0.19 ms, found 0 plugins.
Preloading 0 native plugins for Editor in 0.00 ms.
Unloading 1126 Unused Serialized files (Serialized files now loaded: 0)
System memory in use before: 59.3 MB.
System memory in use after: 58.7 MB.

Unloading 18 unused Assets to reduce memory usage. Loaded Objects now: 1635.
Total: 2.221400 ms (FindLiveObjects: 0.160900 ms CreateObjectMapping: 0.041600 ms MarkObjects: 1.412600 ms  DeleteObjects: 0.605500 ms)

========================================================================
Received Import Request.
  Time since last request: 506.894035 seconds.
  path: Assets/Script/UIMover.cs
  artifactKey: Guid(24f596360e3d1a0428fe4e95cbdd22fc) Importer(815301076,1909f56bfc062723c751e8b465ee728b)
Start importing Assets/Script/UIMover.cs using Guid(24f596360e3d1a0428fe4e95cbdd22fc) Importer(815301076,1909f56bfc062723c751e8b465ee728b)  -> (artifact id: '823471b317dbdf15e870a8e237d028a7') in 0.007322 seconds
  Import took 0.009059 seconds .

========================================================================
Received Import Request.
  Time since last request: 8.319598 seconds.
  path: Assets/Script/UIDrager.cs
  artifactKey: Guid(a78a73155657fd145af0ccde58374930) Importer(815301076,1909f56bfc062723c751e8b465ee728b)
Start importing Assets/Script/UIDrager.cs using Guid(a78a73155657fd145af0ccde58374930) Importer(815301076,1909f56bfc062723c751e8b465ee728b)  -> (artifact id: 'b87b158fd3998d9e683d6cbdf2f83e72') in 0.009500 seconds
  Import took 0.012146 seconds .

========================================================================
Received Prepare
Registering precompiled user dll's ...
Registered in 0.000434 seconds.
Begin MonoManager ReloadAssembly
Native extension for WindowsStandalone target not found
Refreshing native plugins compatible for Editor in 0.23 ms, found 0 plugins.
Preloading 0 native plugins for Editor in 0.00 ms.
Mono: successfully reloaded assembly
- Completed reload, in  0.786 seconds
Platform modules already initialized, skipping
Refreshing native plugins compatible for Editor in 0.20 ms, found 0 plugins.
Preloading 0 native plugins for Editor in 0.00 ms.
Unloading 1127 Unused Serialized files (Serialized files now loaded: 0)
System memory in use before: 59.3 MB.
System memory in use after: 58.8 MB.

Unloading 18 unused Assets to reduce memory usage. Loaded Objects now: 1639.
Total: 1.728500 ms (FindLiveObjects: 0.124100 ms CreateObjectMapping: 0.032700 ms MarkObjects: 1.256300 ms  DeleteObjects: 0.314700 ms)

========================================================================
Received Prepare
Registering precompiled user dll's ...
Registered in 0.000525 seconds.
Begin MonoManager ReloadAssembly
Native extension for WindowsStandalone target not found
Refreshing native plugins compatible for Editor in 0.71 ms, found 0 plugins.
Preloading 0 native plugins for Editor in 0.00 ms.
Mono: successfully reloaded assembly
- Completed reload, in  0.805 seconds
Platform modules already initialized, skipping
Refreshing native plugins compatible for Editor in 0.19 ms, found 0 plugins.
Preloading 0 native plugins for Editor in 0.00 ms.
Unloading 1127 Unused Serialized files (Serialized files now loaded: 0)
System memory in use before: 59.4 MB.
System memory in use after: 58.8 MB.

Unloading 18 unused Assets to reduce memory usage. Loaded Objects now: 1642.
Total: 1.741700 ms (FindLiveObjects: 0.130100 ms CreateObjectMapping: 0.034100 ms MarkObjects: 1.270300 ms  DeleteObjects: 0.306700 ms)

========================================================================
Received Import Request.
  Time since last request: 92.303972 seconds.
  path: Assets/Script/UIDrager.cs
  artifactKey: Guid(a78a73155657fd145af0ccde58374930) Importer(815301076,1909f56bfc062723c751e8b465ee728b)
Start importing Assets/Script/UIDrager.cs using Guid(a78a73155657fd145af0ccde58374930) Importer(815301076,1909f56bfc062723c751e8b465ee728b)  -> (artifact id: 'c51d1986869f90ef51e72ba8b4f21876') in 0.003463 seconds
  Import took 0.005513 seconds .

========================================================================
Received Prepare
Registering precompiled user dll's ...
Registered in 0.000369 seconds.
Begin MonoManager ReloadAssembly
Native extension for WindowsStandalone target not found
Refreshing native plugins compatible for Editor in 0.21 ms, found 0 plugins.
Preloading 0 native plugins for Editor in 0.00 ms.
Mono: successfully reloaded assembly
- Completed reload, in  0.823 seconds
Platform modules already initialized, skipping
Refreshing native plugins compatible for Editor in 0.27 ms, found 0 plugins.
Preloading 0 native plugins for Editor in 0.00 ms.
Unloading 1126 Unused Serialized files (Serialized files now loaded: 0)
System memory in use before: 59.3 MB.
System memory in use after: 58.8 MB.

Unloading 19 unused Assets to reduce memory usage. Loaded Objects now: 1644.
Total: 2.766400 ms (FindLiveObjects: 0.146500 ms CreateObjectMapping: 0.039700 ms MarkObjects: 1.938200 ms  DeleteObjects: 0.640000 ms)

========================================================================
Received Prepare
Registering precompiled user dll's ...
Registered in 0.000584 seconds.
Begin MonoManager ReloadAssembly
Native extension for WindowsStandalone target not found
Refreshing native plugins compatible for Editor in 0.23 ms, found 0 plugins.
Preloading 0 native plugins for Editor in 0.00 ms.
Mono: successfully reloaded assembly
- Completed reload, in  0.840 seconds
Platform modules already initialized, skipping
Refreshing native plugins compatible for Editor in 0.29 ms, found 0 plugins.
Preloading 0 native plugins for Editor in 0.00 ms.
Unloading 1126 Unused Serialized files (Serialized files now loaded: 0)
System memory in use before: 59.4 MB.
System memory in use after: 58.8 MB.

Unloading 18 unused Assets to reduce memory usage. Loaded Objects now: 1647.
Total: 2.193200 ms (FindLiveObjects: 0.163500 ms CreateObjectMapping: 0.080600 ms MarkObjects: 1.546600 ms  DeleteObjects: 0.401300 ms)

========================================================================
Received Prepare
Registering precompiled user dll's ...
Registered in 0.000430 seconds.
Begin MonoManager ReloadAssembly
Native extension for WindowsStandalone target not found
Refreshing native plugins compatible for Editor in 0.22 ms, found 0 plugins.
Preloading 0 native plugins for Editor in 0.00 ms.
Mono: successfully reloaded assembly
- Completed reload, in  0.790 seconds
Platform modules already initialized, skipping
Refreshing native plugins compatible for Editor in 0.48 ms, found 0 plugins.
Preloading 0 native plugins for Editor in 0.00 ms.
Unloading 1126 Unused Serialized files (Serialized files now loaded: 0)
System memory in use before: 59.4 MB.
System memory in use after: 58.8 MB.

Unloading 18 unused Assets to reduce memory usage. Loaded Objects now: 1650.
Total: 1.713900 ms (FindLiveObjects: 0.130300 ms CreateObjectMapping: 0.032000 ms MarkObjects: 1.241700 ms  DeleteObjects: 0.308900 ms)

========================================================================
Received Prepare
Registering precompiled user dll's ...
Registered in 0.000717 seconds.
Begin MonoManager ReloadAssembly
Native extension for WindowsStandalone target not found
Refreshing native plugins compatible for Editor in 0.19 ms, found 0 plugins.
Preloading 0 native plugins for Editor in 0.00 ms.
Mono: successfully reloaded assembly
- Completed reload, in  0.740 seconds
Platform modules already initialized, skipping
Refreshing native plugins compatible for Editor in 0.26 ms, found 0 plugins.
Preloading 0 native plugins for Editor in 0.00 ms.
Unloading 1126 Unused Serialized files (Serialized files now loaded: 0)
System memory in use before: 59.4 MB.
System memory in use after: 58.8 MB.

Unloading 18 unused Assets to reduce memory usage. Loaded Objects now: 1653.
Total: 1.827100 ms (FindLiveObjects: 0.124000 ms CreateObjectMapping: 0.031300 ms MarkObjects: 1.307600 ms  DeleteObjects: 0.363600 ms)

========================================================================
Received Import Request.
  Time since last request: 2233.668386 seconds.
  path: Assets/Script/Setting_Manager.cs
  artifactKey: Guid(8ba8e9aa3068fc4409b0b4a555ec0bc5) Importer(815301076,1909f56bfc062723c751e8b465ee728b)
Start importing Assets/Script/Setting_Manager.cs using Guid(8ba8e9aa3068fc4409b0b4a555ec0bc5) Importer(815301076,1909f56bfc062723c751e8b465ee728b)  -> (artifact id: '77044a326db8f5e7becf5b4b28efd94e') in 0.008731 seconds
  Import took 0.011600 seconds .

========================================================================
Received Prepare
Registering precompiled user dll's ...
Registered in 0.000493 seconds.
Begin MonoManager ReloadAssembly
Native extension for WindowsStandalone target not found
Refreshing native plugins compatible for Editor in 0.23 ms, found 0 plugins.
Preloading 0 native plugins for Editor in 0.00 ms.
Mono: successfully reloaded assembly
- Completed reload, in  0.896 seconds
Platform modules already initialized, skipping
Refreshing native plugins compatible for Editor in 0.21 ms, found 0 plugins.
Preloading 0 native plugins for Editor in 0.00 ms.
Unloading 1127 Unused Serialized files (Serialized files now loaded: 0)
System memory in use before: 59.4 MB.
System memory in use after: 58.8 MB.

Unloading 18 unused Assets to reduce memory usage. Loaded Objects now: 1657.
Total: 1.856000 ms (FindLiveObjects: 0.197900 ms CreateObjectMapping: 0.032300 ms MarkObjects: 1.275800 ms  DeleteObjects: 0.348600 ms)

========================================================================
Received Prepare
Registering precompiled user dll's ...
Registered in 0.000520 seconds.
Begin MonoManager ReloadAssembly
Native extension for WindowsStandalone target not found
Refreshing native plugins compatible for Editor in 0.28 ms, found 0 plugins.
Preloading 0 native plugins for Editor in 0.00 ms.
Mono: successfully reloaded assembly
- Completed reload, in  0.796 seconds
Platform modules already initialized, skipping
Refreshing native plugins compatible for Editor in 0.34 ms, found 0 plugins.
Preloading 0 native plugins for Editor in 0.00 ms.
Unloading 1127 Unused Serialized files (Serialized files now loaded: 0)
System memory in use before: 59.4 MB.
System memory in use after: 58.8 MB.

Unloading 18 unused Assets to reduce memory usage. Loaded Objects now: 1660.
Total: 1.870800 ms (FindLiveObjects: 0.131100 ms CreateObjectMapping: 0.035500 ms MarkObjects: 1.367000 ms  DeleteObjects: 0.336400 ms)

========================================================================
Received Import Request.
  Time since last request: 122.443788 seconds.
  path: Assets/Script/Setting_Manager.cs
  artifactKey: Guid(8ba8e9aa3068fc4409b0b4a555ec0bc5) Importer(815301076,1909f56bfc062723c751e8b465ee728b)
Start importing Assets/Script/Setting_Manager.cs using Guid(8ba8e9aa3068fc4409b0b4a555ec0bc5) Importer(815301076,1909f56bfc062723c751e8b465ee728b)  -> (artifact id: '466b60393d634ee7ff286f7018c05728') in 0.003551 seconds
  Import took 0.005355 seconds .

========================================================================
Received Prepare
Registering precompiled user dll's ...
Registered in 0.000627 seconds.
Begin MonoManager ReloadAssembly
Native extension for WindowsStandalone target not found
Refreshing native plugins compatible for Editor in 0.20 ms, found 0 plugins.
Preloading 0 native plugins for Editor in 0.00 ms.
Mono: successfully reloaded assembly
- Completed reload, in  0.771 seconds
Platform modules already initialized, skipping
Refreshing native plugins compatible for Editor in 0.21 ms, found 0 plugins.
Preloading 0 native plugins for Editor in 0.00 ms.
Unloading 1127 Unused Serialized files (Serialized files now loaded: 0)
System memory in use before: 59.4 MB.
System memory in use after: 58.8 MB.

Unloading 18 unused Assets to reduce memory usage. Loaded Objects now: 1663.
Total: 1.994000 ms (FindLiveObjects: 0.142000 ms CreateObjectMapping: 0.036700 ms MarkObjects: 1.438700 ms  DeleteObjects: 0.375800 ms)

========================================================================
Received Prepare
Registering precompiled user dll's ...
Registered in 0.000488 seconds.
Begin MonoManager ReloadAssembly
Native extension for WindowsStandalone target not found
Refreshing native plugins compatible for Editor in 0.27 ms, found 0 plugins.
Preloading 0 native plugins for Editor in 0.00 ms.
Mono: successfully reloaded assembly
- Completed reload, in  0.772 seconds
Platform modules already initialized, skipping
Refreshing native plugins compatible for Editor in 0.22 ms, found 0 plugins.
Preloading 0 native plugins for Editor in 0.00 ms.
Unloading 1127 Unused Serialized files (Serialized files now loaded: 0)
System memory in use before: 59.4 MB.
System memory in use after: 58.8 MB.

Unloading 18 unused Assets to reduce memory usage. Loaded Objects now: 1666.
Total: 2.303300 ms (FindLiveObjects: 0.171800 ms CreateObjectMapping: 0.038600 ms MarkObjects: 1.678900 ms  DeleteObjects: 0.412900 ms)

========================================================================
Received Prepare
Registering precompiled user dll's ...
Registered in 0.000380 seconds.
Begin MonoManager ReloadAssembly
Native extension for WindowsStandalone target not found
Refreshing native plugins compatible for Editor in 0.23 ms, found 0 plugins.
Preloading 0 native plugins for Editor in 0.00 ms.
Mono: successfully reloaded assembly
- Completed reload, in  0.654 seconds
Platform modules already initialized, skipping
Refreshing native plugins compatible for Editor in 0.21 ms, found 0 plugins.
Preloading 0 native plugins for Editor in 0.00 ms.
Unloading 1127 Unused Serialized files (Serialized files now loaded: 0)
System memory in use before: 59.4 MB.
System memory in use after: 58.8 MB.

Unloading 18 unused Assets to reduce memory usage. Loaded Objects now: 1669.
Total: 1.989000 ms (FindLiveObjects: 0.147500 ms CreateObjectMapping: 0.041500 ms MarkObjects: 1.426400 ms  DeleteObjects: 0.372800 ms)

========================================================================
Received Prepare
Registering precompiled user dll's ...
Registered in 0.000585 seconds.
Begin MonoManager ReloadAssembly
Native extension for WindowsStandalone target not found
Refreshing native plugins compatible for Editor in 0.30 ms, found 0 plugins.
Preloading 0 native plugins for Editor in 0.00 ms.
Mono: successfully reloaded assembly
- Completed reload, in  0.834 seconds
Platform modules already initialized, skipping
Refreshing native plugins compatible for Editor in 0.20 ms, found 0 plugins.
Preloading 0 native plugins for Editor in 0.00 ms.
Unloading 1127 Unused Serialized files (Serialized files now loaded: 0)
System memory in use before: 59.4 MB.
System memory in use after: 58.8 MB.

Unloading 18 unused Assets to reduce memory usage. Loaded Objects now: 1672.
Total: 1.972600 ms (FindLiveObjects: 0.139900 ms CreateObjectMapping: 0.031700 ms MarkObjects: 1.461200 ms  DeleteObjects: 0.339100 ms)

========================================================================
Received Prepare
Registering precompiled user dll's ...
Registered in 0.000535 seconds.
Begin MonoManager ReloadAssembly
Native extension for WindowsStandalone target not found
Refreshing native plugins compatible for Editor in 0.21 ms, found 0 plugins.
Preloading 0 native plugins for Editor in 0.00 ms.
Mono: successfully reloaded assembly
- Completed reload, in  0.769 seconds
Platform modules already initialized, skipping
Refreshing native plugins compatible for Editor in 0.25 ms, found 0 plugins.
Preloading 0 native plugins for Editor in 0.00 ms.
Unloading 1127 Unused Serialized files (Serialized files now loaded: 0)
System memory in use before: 59.4 MB.
System memory in use after: 58.8 MB.

Unloading 18 unused Assets to reduce memory usage. Loaded Objects now: 1675.
Total: 1.719600 ms (FindLiveObjects: 0.131000 ms CreateObjectMapping: 0.033800 ms MarkObjects: 1.247500 ms  DeleteObjects: 0.306700 ms)

========================================================================
Received Prepare
Registering precompiled user dll's ...
Registered in 0.000655 seconds.
Begin MonoManager ReloadAssembly
Native extension for WindowsStandalone target not found
Refreshing native plugins compatible for Editor in 0.18 ms, found 0 plugins.
Preloading 0 native plugins for Editor in 0.00 ms.
Mono: successfully reloaded assembly
- Completed reload, in  0.701 seconds
Platform modules already initialized, skipping
Refreshing native plugins compatible for Editor in 0.20 ms, found 0 plugins.
Preloading 0 native plugins for Editor in 0.00 ms.
Unloading 1127 Unused Serialized files (Serialized files now loaded: 0)
System memory in use before: 59.4 MB.
System memory in use after: 58.8 MB.

Unloading 18 unused Assets to reduce memory usage. Loaded Objects now: 1678.
Total: 2.016400 ms (FindLiveObjects: 0.188400 ms CreateObjectMapping: 0.044800 ms MarkObjects: 1.438800 ms  DeleteObjects: 0.343500 ms)

========================================================================
Received Prepare
Registering precompiled user dll's ...
Registered in 0.000583 seconds.
Begin MonoManager ReloadAssembly
Native extension for WindowsStandalone target not found
Refreshing native plugins compatible for Editor in 0.28 ms, found 0 plugins.
Preloading 0 native plugins for Editor in 0.00 ms.
Mono: successfully reloaded assembly
- Completed reload, in  0.906 seconds
Platform modules already initialized, skipping
Refreshing native plugins compatible for Editor in 0.21 ms, found 0 plugins.
Preloading 0 native plugins for Editor in 0.00 ms.
Unloading 1127 Unused Serialized files (Serialized files now loaded: 0)
System memory in use before: 59.4 MB.
System memory in use after: 58.8 MB.

Unloading 18 unused Assets to reduce memory usage. Loaded Objects now: 1681.
Total: 1.700000 ms (FindLiveObjects: 0.128600 ms CreateObjectMapping: 0.033100 ms MarkObjects: 1.261500 ms  DeleteObjects: 0.276200 ms)

========================================================================
Received Import Request.
  Time since last request: 8638.113509 seconds.
  path: Assets/Mixer/AllMusic.mixer
  artifactKey: Guid(4a874b8c3a7b7e04da99253837a150ce) Importer(815301076,1909f56bfc062723c751e8b465ee728b)
Start importing Assets/Mixer/AllMusic.mixer using Guid(4a874b8c3a7b7e04da99253837a150ce) Importer(815301076,1909f56bfc062723c751e8b465ee728b)  -> (artifact id: '5721edf974ef02fca0d243e6f4fdd617') in 0.024501 seconds
  Import took 0.026423 seconds .

========================================================================
Received Prepare
Registering precompiled user dll's ...
Registered in 0.000467 seconds.
Begin MonoManager ReloadAssembly
Native extension for WindowsStandalone target not found
Refreshing native plugins compatible for Editor in 0.21 ms, found 0 plugins.
Preloading 0 native plugins for Editor in 0.00 ms.
Mono: successfully reloaded assembly
- Completed reload, in  0.739 seconds
Platform modules already initialized, skipping
Refreshing native plugins compatible for Editor in 0.21 ms, found 0 plugins.
Preloading 0 native plugins for Editor in 0.00 ms.
Unloading 1127 Unused Serialized files (Serialized files now loaded: 0)
System memory in use before: 59.4 MB.
System memory in use after: 58.9 MB.

Unloading 18 unused Assets to reduce memory usage. Loaded Objects now: 1684.
Total: 2.284700 ms (FindLiveObjects: 0.179000 ms CreateObjectMapping: 0.051100 ms MarkObjects: 1.530300 ms  DeleteObjects: 0.523200 ms)

========================================================================
Received Prepare
Registering precompiled user dll's ...
Registered in 0.000552 seconds.
Begin MonoManager ReloadAssembly
Native extension for WindowsStandalone target not found
Refreshing native plugins compatible for Editor in 0.19 ms, found 0 plugins.
Preloading 0 native plugins for Editor in 0.00 ms.
Mono: successfully reloaded assembly
- Completed reload, in  0.682 seconds
Platform modules already initialized, skipping
Refreshing native plugins compatible for Editor in 0.26 ms, found 0 plugins.
Preloading 0 native plugins for Editor in 0.00 ms.
Unloading 1127 Unused Serialized files (Serialized files now loaded: 0)
System memory in use before: 59.4 MB.
System memory in use after: 58.9 MB.

Unloading 18 unused Assets to reduce memory usage. Loaded Objects now: 1687.
Total: 1.789400 ms (FindLiveObjects: 0.137900 ms CreateObjectMapping: 0.035700 ms MarkObjects: 1.309100 ms  DeleteObjects: 0.305700 ms)

========================================================================
Received Prepare
Registering precompiled user dll's ...
Registered in 0.000719 seconds.
Begin MonoManager ReloadAssembly
Native extension for WindowsStandalone target not found
Refreshing native plugins compatible for Editor in 0.26 ms, found 0 plugins.
Preloading 0 native plugins for Editor in 0.00 ms.
Mono: successfully reloaded assembly
- Completed reload, in  0.895 seconds
Platform modules already initialized, skipping
Refreshing native plugins compatible for Editor in 0.22 ms, found 0 plugins.
Preloading 0 native plugins for Editor in 0.00 ms.
Unloading 1127 Unused Serialized files (Serialized files now loaded: 0)
System memory in use before: 59.5 MB.
System memory in use after: 58.9 MB.

Unloading 18 unused Assets to reduce memory usage. Loaded Objects now: 1690.
Total: 3.264500 ms (FindLiveObjects: 0.178000 ms CreateObjectMapping: 0.045900 ms MarkObjects: 2.352800 ms  DeleteObjects: 0.686400 ms)

========================================================================
Received Prepare
Registering precompiled user dll's ...
Registered in 0.000499 seconds.
Begin MonoManager ReloadAssembly
Native extension for WindowsStandalone target not found
Refreshing native plugins compatible for Editor in 0.22 ms, found 0 plugins.
Preloading 0 native plugins for Editor in 0.00 ms.
Mono: successfully reloaded assembly
- Completed reload, in  0.856 seconds
Platform modules already initialized, skipping
Refreshing native plugins compatible for Editor in 0.24 ms, found 0 plugins.
Preloading 0 native plugins for Editor in 0.00 ms.
Unloading 1127 Unused Serialized files (Serialized files now loaded: 0)
System memory in use before: 59.5 MB.
System memory in use after: 58.9 MB.

Unloading 18 unused Assets to reduce memory usage. Loaded Objects now: 1693.
Total: 1.826200 ms (FindLiveObjects: 0.139300 ms CreateObjectMapping: 0.035600 ms MarkObjects: 1.323400 ms  DeleteObjects: 0.327100 ms)

========================================================================
Received Prepare
Registering precompiled user dll's ...
Registered in 0.000538 seconds.
Begin MonoManager ReloadAssembly
Native extension for WindowsStandalone target not found
Refreshing native plugins compatible for Editor in 0.22 ms, found 0 plugins.
Preloading 0 native plugins for Editor in 0.00 ms.
Mono: successfully reloaded assembly
- Completed reload, in  0.740 seconds
Platform modules already initialized, skipping
Refreshing native plugins compatible for Editor in 0.23 ms, found 0 plugins.
Preloading 0 native plugins for Editor in 0.00 ms.
Unloading 1127 Unused Serialized files (Serialized files now loaded: 0)
System memory in use before: 59.5 MB.
System memory in use after: 58.9 MB.

Unloading 18 unused Assets to reduce memory usage. Loaded Objects now: 1696.
Total: 1.895300 ms (FindLiveObjects: 0.157700 ms CreateObjectMapping: 0.044000 ms MarkObjects: 1.371700 ms  DeleteObjects: 0.321100 ms)

========================================================================
Received Prepare
Registering precompiled user dll's ...
Registered in 0.000741 seconds.
Begin MonoManager ReloadAssembly
Native extension for WindowsStandalone target not found
Refreshing native plugins compatible for Editor in 0.24 ms, found 0 plugins.
Preloading 0 native plugins for Editor in 0.00 ms.
Mono: successfully reloaded assembly
- Completed reload, in  0.906 seconds
Platform modules already initialized, skipping
Refreshing native plugins compatible for Editor in 0.24 ms, found 0 plugins.
Preloading 0 native plugins for Editor in 0.00 ms.
Unloading 1127 Unused Serialized files (Serialized files now loaded: 0)
System memory in use before: 59.5 MB.
System memory in use after: 58.9 MB.

Unloading 18 unused Assets to reduce memory usage. Loaded Objects now: 1699.
Total: 2.406400 ms (FindLiveObjects: 0.170600 ms CreateObjectMapping: 0.044500 ms MarkObjects: 1.756500 ms  DeleteObjects: 0.433200 ms)

========================================================================
Received Prepare
Registering precompiled user dll's ...
Registered in 0.000567 seconds.
Begin MonoManager ReloadAssembly
Native extension for WindowsStandalone target not found
Refreshing native plugins compatible for Editor in 0.27 ms, found 0 plugins.
Preloading 0 native plugins for Editor in 0.00 ms.
Mono: successfully reloaded assembly
- Completed reload, in  0.897 seconds
Platform modules already initialized, skipping
Refreshing native plugins compatible for Editor in 0.23 ms, found 0 plugins.
Preloading 0 native plugins for Editor in 0.00 ms.
Unloading 1127 Unused Serialized files (Serialized files now loaded: 0)
System memory in use before: 59.5 MB.
System memory in use after: 58.9 MB.

Unloading 18 unused Assets to reduce memory usage. Loaded Objects now: 1702.
Total: 2.460200 ms (FindLiveObjects: 0.206300 ms CreateObjectMapping: 0.048900 ms MarkObjects: 1.704800 ms  DeleteObjects: 0.498000 ms)

========================================================================
Received Prepare
Registering precompiled user dll's ...
Registered in 0.000632 seconds.
Begin MonoManager ReloadAssembly
Native extension for WindowsStandalone target not found
Refreshing native plugins compatible for Editor in 0.20 ms, found 0 plugins.
Preloading 0 native plugins for Editor in 0.00 ms.
Mono: successfully reloaded assembly
- Completed reload, in  0.766 seconds
Platform modules already initialized, skipping
Refreshing native plugins compatible for Editor in 0.20 ms, found 0 plugins.
Preloading 0 native plugins for Editor in 0.00 ms.
Unloading 1127 Unused Serialized files (Serialized files now loaded: 0)
System memory in use before: 59.5 MB.
System memory in use after: 58.9 MB.

Unloading 18 unused Assets to reduce memory usage. Loaded Objects now: 1705.
Total: 2.205000 ms (FindLiveObjects: 0.197700 ms CreateObjectMapping: 0.069400 ms MarkObjects: 1.574100 ms  DeleteObjects: 0.363000 ms)

========================================================================
Received Prepare
Registering precompiled user dll's ...
Registered in 0.000757 seconds.
Begin MonoManager ReloadAssembly
Native extension for WindowsStandalone target not found
Refreshing native plugins compatible for Editor in 0.24 ms, found 0 plugins.
Preloading 0 native plugins for Editor in 0.00 ms.
Mono: successfully reloaded assembly
- Completed reload, in  0.767 seconds
Platform modules already initialized, skipping
Refreshing native plugins compatible for Editor in 0.21 ms, found 0 plugins.
Preloading 0 native plugins for Editor in 0.00 ms.
Unloading 1127 Unused Serialized files (Serialized files now loaded: 0)
System memory in use before: 59.5 MB.
System memory in use after: 58.9 MB.

Unloading 18 unused Assets to reduce memory usage. Loaded Objects now: 1708.
Total: 1.696200 ms (FindLiveObjects: 0.137900 ms CreateObjectMapping: 0.039000 ms MarkObjects: 1.216000 ms  DeleteObjects: 0.302700 ms)

========================================================================
Received Prepare
Registering precompiled user dll's ...
Registered in 0.000647 seconds.
Begin MonoManager ReloadAssembly
Native extension for WindowsStandalone target not found
Refreshing native plugins compatible for Editor in 0.24 ms, found 0 plugins.
Preloading 0 native plugins for Editor in 0.00 ms.
Mono: successfully reloaded assembly
- Completed reload, in  0.795 seconds
Platform modules already initialized, skipping
Refreshing native plugins compatible for Editor in 0.22 ms, found 0 plugins.
Preloading 0 native plugins for Editor in 0.00 ms.
Unloading 1127 Unused Serialized files (Serialized files now loaded: 0)
System memory in use before: 59.5 MB.
System memory in use after: 58.9 MB.

Unloading 18 unused Assets to reduce memory usage. Loaded Objects now: 1711.
Total: 1.772500 ms (FindLiveObjects: 0.156700 ms CreateObjectMapping: 0.030900 ms MarkObjects: 1.285400 ms  DeleteObjects: 0.298700 ms)

========================================================================
Received Prepare
Registering precompiled user dll's ...
Registered in 0.000563 seconds.
Begin MonoManager ReloadAssembly
Native extension for WindowsStandalone target not found
Refreshing native plugins compatible for Editor in 0.23 ms, found 0 plugins.
Preloading 0 native plugins for Editor in 0.00 ms.
Mono: successfully reloaded assembly
- Completed reload, in  0.723 seconds
Platform modules already initialized, skipping
Refreshing native plugins compatible for Editor in 0.22 ms, found 0 plugins.
Preloading 0 native plugins for Editor in 0.00 ms.
Unloading 1127 Unused Serialized files (Serialized files now loaded: 0)
System memory in use before: 59.5 MB.
System memory in use after: 58.9 MB.

Unloading 18 unused Assets to reduce memory usage. Loaded Objects now: 1714.
Total: 1.677900 ms (FindLiveObjects: 0.146000 ms CreateObjectMapping: 0.032700 ms MarkObjects: 1.196900 ms  DeleteObjects: 0.301600 ms)

========================================================================
Received Prepare
Registering precompiled user dll's ...
Registered in 0.000438 seconds.
Begin MonoManager ReloadAssembly
Native extension for WindowsStandalone target not found
Refreshing native plugins compatible for Editor in 0.22 ms, found 0 plugins.
Preloading 0 native plugins for Editor in 0.00 ms.
Mono: successfully reloaded assembly
- Completed reload, in  0.731 seconds
Platform modules already initialized, skipping
Refreshing native plugins compatible for Editor in 0.24 ms, found 0 plugins.
Preloading 0 native plugins for Editor in 0.00 ms.
Unloading 1127 Unused Serialized files (Serialized files now loaded: 0)
System memory in use before: 59.5 MB.
System memory in use after: 58.9 MB.

Unloading 18 unused Assets to reduce memory usage. Loaded Objects now: 1717.
Total: 2.281900 ms (FindLiveObjects: 0.183600 ms CreateObjectMapping: 0.051000 ms MarkObjects: 1.664700 ms  DeleteObjects: 0.381700 ms)

========================================================================
Received Prepare
Registering precompiled user dll's ...
Registered in 0.000667 seconds.
Begin MonoManager ReloadAssembly
Native extension for WindowsStandalone target not found
Refreshing native plugins compatible for Editor in 0.19 ms, found 0 plugins.
Preloading 0 native plugins for Editor in 0.00 ms.
Mono: successfully reloaded assembly
- Completed reload, in  0.785 seconds
Platform modules already initialized, skipping
Refreshing native plugins compatible for Editor in 0.20 ms, found 0 plugins.
Preloading 0 native plugins for Editor in 0.00 ms.
Unloading 1127 Unused Serialized files (Serialized files now loaded: 0)
System memory in use before: 59.5 MB.
System memory in use after: 58.9 MB.

Unloading 18 unused Assets to reduce memory usage. Loaded Objects now: 1720.
Total: 1.691500 ms (FindLiveObjects: 0.132700 ms CreateObjectMapping: 0.034200 ms MarkObjects: 1.219700 ms  DeleteObjects: 0.304300 ms)

========================================================================
Received Prepare
Registering precompiled user dll's ...
Registered in 0.000767 seconds.
Begin MonoManager ReloadAssembly
Native extension for WindowsStandalone target not found
Refreshing native plugins compatible for Editor in 0.20 ms, found 0 plugins.
Preloading 0 native plugins for Editor in 0.00 ms.
Mono: successfully reloaded assembly
- Completed reload, in  0.715 seconds
Platform modules already initialized, skipping
Refreshing native plugins compatible for Editor in 0.21 ms, found 0 plugins.
Preloading 0 native plugins for Editor in 0.00 ms.
Unloading 1127 Unused Serialized files (Serialized files now loaded: 0)
System memory in use before: 59.5 MB.
System memory in use after: 58.9 MB.

Unloading 18 unused Assets to reduce memory usage. Loaded Objects now: 1723.
Total: 1.699800 ms (FindLiveObjects: 0.133200 ms CreateObjectMapping: 0.034300 ms MarkObjects: 1.237400 ms  DeleteObjects: 0.293700 ms)

========================================================================
Received Prepare
Registering precompiled user dll's ...
Registered in 0.000446 seconds.
Begin MonoManager ReloadAssembly
Native extension for WindowsStandalone target not found
Refreshing native plugins compatible for Editor in 0.43 ms, found 0 plugins.
Preloading 0 native plugins for Editor in 0.00 ms.
Mono: successfully reloaded assembly
- Completed reload, in  0.830 seconds
Platform modules already initialized, skipping
Refreshing native plugins compatible for Editor in 0.20 ms, found 0 plugins.
Preloading 0 native plugins for Editor in 0.00 ms.
Unloading 1127 Unused Serialized files (Serialized files now loaded: 0)
System memory in use before: 59.5 MB.
System memory in use after: 58.9 MB.

Unloading 18 unused Assets to reduce memory usage. Loaded Objects now: 1726.
Total: 2.040800 ms (FindLiveObjects: 0.197500 ms CreateObjectMapping: 0.054500 ms MarkObjects: 1.456600 ms  DeleteObjects: 0.331300 ms)

========================================================================
Received Prepare
Registering precompiled user dll's ...
Registered in 0.000722 seconds.
Begin MonoManager ReloadAssembly
Native extension for WindowsStandalone target not found
Refreshing native plugins compatible for Editor in 0.28 ms, found 0 plugins.
Preloading 0 native plugins for Editor in 0.00 ms.
Mono: successfully reloaded assembly
- Completed reload, in  0.816 seconds
Platform modules already initialized, skipping
Refreshing native plugins compatible for Editor in 0.26 ms, found 0 plugins.
Preloading 0 native plugins for Editor in 0.00 ms.
Unloading 1127 Unused Serialized files (Serialized files now loaded: 0)
System memory in use before: 59.5 MB.
System memory in use after: 58.9 MB.

Unloading 18 unused Assets to reduce memory usage. Loaded Objects now: 1729.
Total: 1.865700 ms (FindLiveObjects: 0.142000 ms CreateObjectMapping: 0.037900 ms MarkObjects: 1.341200 ms  DeleteObjects: 0.343800 ms)

========================================================================
Received Prepare
Registering precompiled user dll's ...
Registered in 0.000550 seconds.
Begin MonoManager ReloadAssembly
Native extension for WindowsStandalone target not found
Refreshing native plugins compatible for Editor in 0.21 ms, found 0 plugins.
Preloading 0 native plugins for Editor in 0.00 ms.
Mono: successfully reloaded assembly
- Completed reload, in  0.772 seconds
Platform modules already initialized, skipping
Refreshing native plugins compatible for Editor in 0.25 ms, found 0 plugins.
Preloading 0 native plugins for Editor in 0.00 ms.
Unloading 1127 Unused Serialized files (Serialized files now loaded: 0)
System memory in use before: 59.5 MB.
System memory in use after: 58.9 MB.

Unloading 18 unused Assets to reduce memory usage. Loaded Objects now: 1732.
Total: 1.800900 ms (FindLiveObjects: 0.131600 ms CreateObjectMapping: 0.031200 ms MarkObjects: 1.297500 ms  DeleteObjects: 0.339800 ms)

========================================================================
Received Prepare
Registering precompiled user dll's ...
Registered in 0.000764 seconds.
Begin MonoManager ReloadAssembly
Native extension for WindowsStandalone target not found
Refreshing native plugins compatible for Editor in 0.19 ms, found 0 plugins.
Preloading 0 native plugins for Editor in 0.00 ms.
Mono: successfully reloaded assembly
- Completed reload, in  0.682 seconds
Platform modules already initialized, skipping
Refreshing native plugins compatible for Editor in 0.23 ms, found 0 plugins.
Preloading 0 native plugins for Editor in 0.00 ms.
Unloading 1127 Unused Serialized files (Serialized files now loaded: 0)
System memory in use before: 59.5 MB.
System memory in use after: 58.9 MB.

Unloading 18 unused Assets to reduce memory usage. Loaded Objects now: 1735.
Total: 1.762600 ms (FindLiveObjects: 0.147200 ms CreateObjectMapping: 0.033100 ms MarkObjects: 1.271200 ms  DeleteObjects: 0.309100 ms)

========================================================================
Received Prepare
Registering precompiled user dll's ...
Registered in 0.000763 seconds.
Begin MonoManager ReloadAssembly
Native extension for WindowsStandalone target not found
Refreshing native plugins compatible for Editor in 0.33 ms, found 0 plugins.
Preloading 0 native plugins for Editor in 0.00 ms.
Mono: successfully reloaded assembly
- Completed reload, in  0.890 seconds
Platform modules already initialized, skipping
Refreshing native plugins compatible for Editor in 0.39 ms, found 0 plugins.
Preloading 0 native plugins for Editor in 0.00 ms.
Unloading 1127 Unused Serialized files (Serialized files now loaded: 0)
System memory in use before: 59.5 MB.
System memory in use after: 59.0 MB.

Unloading 18 unused Assets to reduce memory usage. Loaded Objects now: 1738.
Total: 2.158600 ms (FindLiveObjects: 0.190200 ms CreateObjectMapping: 0.046700 ms MarkObjects: 1.535600 ms  DeleteObjects: 0.385200 ms)

========================================================================
Received Prepare
Registering precompiled user dll's ...
Registered in 0.000412 seconds.
Begin MonoManager ReloadAssembly
Native extension for WindowsStandalone target not found
Refreshing native plugins compatible for Editor in 0.20 ms, found 0 plugins.
Preloading 0 native plugins for Editor in 0.00 ms.
Mono: successfully reloaded assembly
- Completed reload, in  0.694 seconds
Platform modules already initialized, skipping
Refreshing native plugins compatible for Editor in 0.22 ms, found 0 plugins.
Preloading 0 native plugins for Editor in 0.00 ms.
Unloading 1127 Unused Serialized files (Serialized files now loaded: 0)
System memory in use before: 59.5 MB.
System memory in use after: 59.0 MB.

Unloading 18 unused Assets to reduce memory usage. Loaded Objects now: 1741.
Total: 2.168300 ms (FindLiveObjects: 0.164200 ms CreateObjectMapping: 0.041600 ms MarkObjects: 1.582500 ms  DeleteObjects: 0.378700 ms)

========================================================================
Received Import Request.
  Time since last request: 3120.049231 seconds.
  path: Assets/Scenes
  artifactKey: Guid(4ea69012d2634ad42aaa3fb46216eb4a) Importer(815301076,1909f56bfc062723c751e8b465ee728b)
Start importing Assets/Scenes using Guid(4ea69012d2634ad42aaa3fb46216eb4a) Importer(815301076,1909f56bfc062723c751e8b465ee728b)  -> (artifact id: '36335e142c84570e7ced996e6f2e1b7a') in 0.010131 seconds
  Import took 0.013450 seconds .

========================================================================
Received Import Request.
  Time since last request: 0.006393 seconds.
  path: Assets/Script/Audio_Manager.cs
  artifactKey: Guid(2525e3743bb1d8a4eac16eca3bc0b146) Importer(815301076,1909f56bfc062723c751e8b465ee728b)
Start importing Assets/Script/Audio_Manager.cs using Guid(2525e3743bb1d8a4eac16eca3bc0b146) Importer(815301076,1909f56bfc062723c751e8b465ee728b)  -> (artifact id: '4d2fe0f17a94d95746435bd269b4ad59') in 0.006846 seconds
  Import took 0.008751 seconds .

========================================================================
Received Import Request.
  Time since last request: 0.016752 seconds.
  path: Assets/Script/Setting_Manager.cs
  artifactKey: Guid(8ba8e9aa3068fc4409b0b4a555ec0bc5) Importer(815301076,1909f56bfc062723c751e8b465ee728b)
Start importing Assets/Script/Setting_Manager.cs using Guid(8ba8e9aa3068fc4409b0b4a555ec0bc5) Importer(815301076,1909f56bfc062723c751e8b465ee728b)  -> (artifact id: 'e2e779cf0e27b2251d623058b87f9686') in 0.002600 seconds
  Import took 0.005069 seconds .

========================================================================
Received Import Request.
  Time since last request: 0.006023 seconds.
  path: Assets/Scenes/SampleScene.unity
  artifactKey: Guid(9fc0d4010bbf28b4594072e72b8655ab) Importer(815301076,1909f56bfc062723c751e8b465ee728b)
Start importing Assets/Scenes/SampleScene.unity using Guid(9fc0d4010bbf28b4594072e72b8655ab) Importer(815301076,1909f56bfc062723c751e8b465ee728b)  -> (artifact id: '7e9a47b6b606dbf4d5b48127e2208cd9') in 0.021199 seconds
  Import took 0.023203 seconds .

========================================================================
Received Import Request.
  Time since last request: 0.004858 seconds.
  path: Assets/Script/UIDrager.cs
  artifactKey: Guid(a78a73155657fd145af0ccde58374930) Importer(815301076,1909f56bfc062723c751e8b465ee728b)
Start importing Assets/Script/UIDrager.cs using Guid(a78a73155657fd145af0ccde58374930) Importer(815301076,1909f56bfc062723c751e8b465ee728b)  -> (artifact id: '1a423c5f4a10b8e0fb019f7fc98a602d') in 0.001279 seconds
  Import took 0.003354 seconds .

AssetImportWorkerClient::OnTransportError - code=2 error=End of file
